<?xml version="1.0" encoding="UTF-8"?>
<!-- Generated by org.testng.reporters.JUnitXMLReporter -->
<testsuite ignored="0" hostname="Sams-MacBook-Pro.local" failures="1" tests="7" name="Surefire test" time="44.69" errors="0" timestamp="2025-04-23T21:36:39 PKT">
  <testcase classname="samautomation.tests.ErrorValidationTest" name="LoginErrorValidation" time="0.535">
    <skipped/>
  </testcase> <!-- LoginErrorValidation -->
  <testcase classname="samautomation.tests.ErrorValidationTest" name="LoginErrorValidation" time="4.058">
    <failure type="java.lang.AssertionError" message="expected [Login Successfully] but found [Incorrect email or password.]">
      <![CDATA[java.lang.AssertionError: expected [Login Successfully] but found [Incorrect email or password.]
at samautomation.tests.ErrorValidationTest.LoginErrorValidation(ErrorValidationTest.java:26)
at java.base/java.util.ArrayList.forEach(ArrayList.java:1597)
... Removed 36 stack frames]]>
    </failure>
  </testcase> <!-- LoginErrorValidation -->
  <testcase classname="samautomation.tests.ErrorValidationTest" name="ProductErrorValidation" time="4.398"/>
  <testcase classname="samautomation.tests.SubmitOrderTest" name="submitOrder" time="3.917"/>
  <testcase classname="samautomation.tests.SubmitOrderTest" name="submitOrder" time="5.98"/>
  <testcase classname="samautomation.tests.SubmitOrderTest" name="OrderHistoryTest" time="2.981"/>
  <testcase classname="samautomation.tests.SubmitOrderTest" name="OrderHistoryTest" time="3.484"/>
</testsuite> <!-- Surefire test -->
